<?xml version="1.0" encoding="UTF-8"?>
<!-- Generated by org.testng.reporters.JUnitXMLReporter -->
<testsuite ignored="0" hostname="LAPTOP-8AAVMEOH" failures="0" tests="1" name="Surefire test" time="0.029" errors="0" timestamp="2021-05-07T14:35:12 MST">
  <testcase classname="testcases.TestOnSauceLabs" name="@BeforeClass setUp" time="-1.620423312052E9">
    <failure type="org.testng.TestNGException" message="
Parameter &amp;apos;browser&amp;apos; is required by BeforeClass on method setUp but has not been marked @Optional or defined
">
      <![CDATA[org.testng.TestNGException: 
Parameter 'browser' is required by BeforeClass on method setUp but has not been marked @Optional or defined

at java.base/java.util.ArrayList.forEach(ArrayList.java:1511)
... Removed 26 stack frames]]>
    </failure>
  </testcase> <!-- @BeforeClass setUp -->
  <testcase classname="testcases.TestOnSauceLabs" name="@AfterClass tearDown" time="-1.620423312069E9">
    <skipped/>
  </testcase> <!-- @AfterClass tearDown -->
  <testcase classname="testcases.TestOnSauceLabs" name="testTitle" time="0.0">
    <skipped/>
  </testcase> <!-- testTitle -->
</testsuite> <!-- Surefire test -->
