{"name":"setUp","status":"broken","statusDetails":{"known":false,"muted":false,"flaky":false,"message":"Unable to parse remote response: \n\nMisconfigured -- Mixed Capabilities Error.\n\nW3C keys (platformName/browserVersion) were detected alongside JWP keys (platform/version).\nTo fix this, replace all JWP keys with W3C keys.\n\nThe following desired capabilities were received:\n{'browserName': 'Chrome',\n 'browserVersion': '90.0',\n 'platform': 'WIN10'}\n\nSee https://wiki.saucelabs.com/display/DOCS/W3C+Capabilities+Support for more details.","trace":"org.openqa.selenium.WebDriverException: Unable to parse remote response: \n\nMisconfigured -- Mixed Capabilities Error.\n\nW3C keys (platformName/browserVersion) were detected alongside JWP keys (platform/version).\nTo fix this, replace all JWP keys with W3C keys.\n\nThe following desired capabilities were received:\n{'browserName': 'Chrome',\n 'browserVersion': '90.0',\n 'platform': 'WIN10'}\n\nSee https://wiki.saucelabs.com/display/DOCS/W3C+Capabilities+Support for more details.\r\n\tat org.openqa.selenium.remote.ProtocolHandshake.createSession(ProtocolHandshake.java:115)\r\n\tat org.openqa.selenium.remote.ProtocolHandshake.createSession(ProtocolHandshake.java:74)\r\n\tat org.openqa.selenium.remote.HttpCommandExecutor.execute(HttpCommandExecutor.java:136)\r\n\tat org.openqa.selenium.remote.RemoteWebDriver.execute(RemoteWebDriver.java:552)\r\n\tat org.openqa.selenium.remote.RemoteWebDriver.startSession(RemoteWebDriver.java:213)\r\n\tat org.openqa.selenium.remote.RemoteWebDriver.<init>(RemoteWebDriver.java:131)\r\n\tat org.openqa.selenium.remote.RemoteWebDriver.<init>(RemoteWebDriver.java:144)\r\n\tat testcases.TestOnSauceLabs.setUp(TestOnSauceLabs.java:28)\r\n\tat java.base/jdk.internal.reflect.NativeMethodAccessorImpl.invoke0(Native Method)\r\n\tat java.base/jdk.internal.reflect.NativeMethodAccessorImpl.invoke(NativeMethodAccessorImpl.java:64)\r\n\tat java.base/jdk.internal.reflect.DelegatingMethodAccessorImpl.invoke(DelegatingMethodAccessorImpl.java:43)\r\n\tat java.base/java.lang.reflect.Method.invoke(Method.java:564)\r\n\tat org.testng.internal.MethodInvocationHelper.invokeMethod(MethodInvocationHelper.java:124)\r\n\tat org.testng.internal.MethodInvocationHelper.invokeMethodConsideringTimeout(MethodInvocationHelper.java:59)\r\n\tat org.testng.internal.Invoker.invokeConfigurationMethod(Invoker.java:458)\r\n\tat org.testng.internal.Invoker.invokeConfigurations(Invoker.java:222)\r\n\tat org.testng.internal.Invoker.invokeConfigurations(Invoker.java:142)\r\n\tat org.testng.internal.TestMethodWorker.invokeBeforeClassMethods(TestMethodWorker.java:168)\r\n\tat org.testng.internal.TestMethodWorker.run(TestMethodWorker.java:105)\r\n\tat org.testng.TestRunner.privateRun(TestRunner.java:648)\r\n\tat org.testng.TestRunner.run(TestRunner.java:505)\r\n\tat org.testng.SuiteRunner.runTest(SuiteRunner.java:455)\r\n\tat org.testng.SuiteRunner.runSequentially(SuiteRunner.java:450)\r\n\tat org.testng.SuiteRunner.privateRun(SuiteRunner.java:415)\r\n\tat org.testng.SuiteRunner.run(SuiteRunner.java:364)\r\n\tat org.testng.SuiteRunnerWorker.runSuite(SuiteRunnerWorker.java:52)\r\n\tat org.testng.SuiteRunnerWorker.run(SuiteRunnerWorker.java:84)\r\n\tat org.testng.TestNG.runSuitesSequentially(TestNG.java:1208)\r\n\tat org.testng.TestNG.runSuitesLocally(TestNG.java:1137)\r\n\tat org.testng.TestNG.runSuites(TestNG.java:1049)\r\n\tat org.testng.TestNG.run(TestNG.java:1017)\r\n\tat org.testng.remote.AbstractRemoteTestNG.run(AbstractRemoteTestNG.java:115)\r\n\tat org.testng.remote.RemoteTestNG.initAndRun(RemoteTestNG.java:251)\r\n\tat org.testng.remote.RemoteTestNG.main(RemoteTestNG.java:77)\r\nCaused by: org.openqa.selenium.json.JsonException: Unable to determine type from: M. Last 3 characters read: \n\nM\nBuild info: version: '3.141.59', revision: 'e82be7d358', time: '2018-11-14T08:17:03'\nSystem info: host: 'LAPTOP-8AAVMEOH', ip: '192.168.86.35', os.name: 'Windows 10', os.arch: 'amd64', os.version: '10.0', java.version: '15.0.2'\nDriver info: driver.version: RemoteWebDriver\r\n\tat org.openqa.selenium.json.JsonInput.peek(JsonInput.java:122)\r\n\tat org.openqa.selenium.json.JsonTypeCoercer.lambda$null$6(JsonTypeCoercer.java:140)\r\n\tat org.openqa.selenium.json.JsonTypeCoercer.coerce(JsonTypeCoercer.java:126)\r\n\tat org.openqa.selenium.json.Json.toType(Json.java:69)\r\n\tat org.openqa.selenium.json.Json.toType(Json.java:55)\r\n\tat org.openqa.selenium.json.Json.toType(Json.java:50)\r\n\tat org.openqa.selenium.remote.ProtocolHandshake.createSession(ProtocolHandshake.java:112)\r\n\t... 33 more\r\n"},"stage":"finished","steps":[],"attachments":[],"parameters":[{"name":"version","value":"90.0"},{"name":"platform","value":"Windows 10"},{"name":"browser","value":"Chrome"}],"start":1620422405421,"stop":1620422405422,"uuid":"ffc7837e-a063-4f7d-8742-6cffc3c5c11d","historyId":"fb151e7d2cc8bcb40f5339bc7c98869a","fullName":"testcases.TestOnSauceLabs.setUp","labels":[{"name":"package","value":"testcases.TestOnSauceLabs"},{"name":"testClass","value":"testcases.TestOnSauceLabs"},{"name":"testMethod","value":"setUp"},{"name":"parentSuite","value":"Suite"},{"name":"suite","value":"Win10-CH-Test"},{"name":"subSuite","value":"testcases.TestOnSauceLabs"},{"name":"host","value":"LAPTOP-8AAVMEOH"},{"name":"thread","value":"15976@LAPTOP-8AAVMEOH.main(1)"},{"name":"framework","value":"testng"},{"name":"language","value":"java"}],"links":[]}